<?xml version="1.0" encoding="UTF-8"?>
<!-- Generated by org.testng.reporters.JUnitReportReporter -->
<testsuite hostname="DESKTOP-EKK3AOD" failures="0" tests="1" name="assignments.RedBus" time="13.957" errors="0" timestamp="2022-06-04T18:09:19 IST" skipped="0">
  <testcase classname="assignments.RedBus" name="searchBus" time="13.957"/>
  <system-out/>
</testsuite> <!-- assignments.RedBus -->
