<?xml version="1.0" encoding="UTF-8"?>
<!-- Generated by org.testng.reporters.JUnitReportReporter -->
<testsuite hostname="DESKTOP-EKK3AOD" failures="0" tests="1" name="borlandSampleTests.AssignmentDay38" time="135.331" errors="0" timestamp="2022-05-20T01:50:25 IST" skipped="0">
  <testcase classname="borlandSampleTests.AssignmentDay38" name="placeOrder" time="135.331"/>
  <system-out/>
</testsuite> <!-- borlandSampleTests.AssignmentDay38 -->
