<?xml version="1.0" encoding="UTF-8"?>
<!-- Generated by org.testng.reporters.JUnitReportReporter -->
<testsuite hostname="DESKTOP-EKK3AOD" failures="0" tests="1" name="GKV.SeleniumMaven.SampleDriverCalling" time="3.579" errors="0" timestamp="2022-05-17T02:03:57 IST" skipped="0">
  <testcase classname="GKV.SeleniumMaven.SampleDriverCalling" name="openGoogle" time="3.579"/>
  <system-out/>
</testsuite> <!-- GKV.SeleniumMaven.SampleDriverCalling -->
