<?xml version="1.0" encoding="UTF-8"?>
<!-- Generated by org.testng.reporters.JUnitReportReporter -->
<testsuite hostname="DESKTOP-EKK3AOD" failures="0" tests="1" name="syncSamples.BasicTests" time="22.551" errors="0" timestamp="2022-05-19T02:01:49 IST" skipped="0">
  <testcase classname="syncSamples.BasicTests" name="loginTest" time="22.551"/>
  <system-out/>
</testsuite> <!-- syncSamples.BasicTests -->
