<?xml version="1.0" encoding="UTF-8"?>
<!-- Generated by org.testng.reporters.JUnitReportReporter -->
<testsuite hostname="DESKTOP-EKK3AOD" failures="0" tests="1" name="borlandSampleTests.XpathsLec1" time="3.111" errors="0" timestamp="2022-05-18T05:00:19 IST" skipped="0">
  <testcase classname="borlandSampleTests.XpathsLec1" name="search" time="3.111"/>
  <system-out/>
</testsuite> <!-- borlandSampleTests.XpathsLec1 -->
