<?xml version="1.0" encoding="UTF-8"?>
<!-- Generated by org.testng.reporters.JUnitReportReporter -->
<testsuite hostname="DESKTOP-EKK3AOD" failures="0" tests="1" name="borlandSampleTests.XpathsAxes" time="65.357" errors="0" timestamp="2022-05-28T02:58:21 IST" skipped="0">
  <testcase classname="borlandSampleTests.XpathsAxes" name="sendFromGmail" time="65.357"/>
  <system-out/>
</testsuite> <!-- borlandSampleTests.XpathsAxes -->
