<?xml version="1.0" encoding="UTF-8"?>
<!-- Generated by org.testng.reporters.JUnitReportReporter -->
<testsuite hostname="DESKTOP-EKK3AOD" failures="0" tests="2" name="GKV.SeleniumMaven.sampleTestNG2" time="5.295" errors="0" timestamp="2022-05-18T21:53:34 IST" skipped="0">
  <testcase classname="GKV.SeleniumMaven.sampleTestNG2" name="checkAssert" time="1.004"/>
  <system-out/>
  <testcase classname="GKV.SeleniumMaven.sampleTestNG2" name="checkAssert" time="4.291"/>
  <system-out/>
</testsuite> <!-- GKV.SeleniumMaven.sampleTestNG2 -->
